mode: atomic
github.com/litmuschaos/chaos-runner/pkg/utils/common.go:10.28,15.30 5 3
github.com/litmuschaos/chaos-runner/pkg/utils/common.go:18.2,19.12 2 3
github.com/litmuschaos/chaos-runner/pkg/utils/common.go:15.30,17.3 1 18
github.com/litmuschaos/chaos-runner/pkg/utils/resourcesUtils.go:8.108,10.75 1 0
github.com/litmuschaos/chaos-runner/pkg/utils/resourcesUtils.go:15.2,15.72 1 0
github.com/litmuschaos/chaos-runner/pkg/utils/resourcesUtils.go:19.2,19.80 1 0
github.com/litmuschaos/chaos-runner/pkg/utils/resourcesUtils.go:22.2,22.12 1 0
github.com/litmuschaos/chaos-runner/pkg/utils/resourcesUtils.go:10.75,12.3 1 0
github.com/litmuschaos/chaos-runner/pkg/utils/resourcesUtils.go:15.72,17.3 1 0
github.com/litmuschaos/chaos-runner/pkg/utils/resourcesUtils.go:19.80,21.3 1 0
github.com/litmuschaos/chaos-runner/pkg/utils/volumeUtils.go:15.79,25.2 2 0
github.com/litmuschaos/chaos-runner/pkg/utils/volumeUtils.go:28.61,32.2 3 0
github.com/litmuschaos/chaos-runner/pkg/utils/volumeUtils.go:35.62,39.2 3 0
github.com/litmuschaos/chaos-runner/pkg/utils/volumeUtils.go:42.107,44.23 2 0
github.com/litmuschaos/chaos-runner/pkg/utils/volumeUtils.go:47.2,47.31 1 0
github.com/litmuschaos/chaos-runner/pkg/utils/volumeUtils.go:54.2,55.19 2 0
github.com/litmuschaos/chaos-runner/pkg/utils/volumeUtils.go:44.23,46.3 1 0
github.com/litmuschaos/chaos-runner/pkg/utils/volumeUtils.go:47.31,52.3 4 0
github.com/litmuschaos/chaos-runner/pkg/utils/volumeUtils.go:59.98,61.20 2 0
github.com/litmuschaos/chaos-runner/pkg/utils/volumeUtils.go:64.2,64.28 1 0
github.com/litmuschaos/chaos-runner/pkg/utils/volumeUtils.go:70.2,71.19 2 0
github.com/litmuschaos/chaos-runner/pkg/utils/volumeUtils.go:61.20,63.3 1 0
github.com/litmuschaos/chaos-runner/pkg/utils/volumeUtils.go:64.28,69.3 4 0
github.com/litmuschaos/chaos-runner/pkg/utils/volumeUtils.go:75.116,77.28 2 0
github.com/litmuschaos/chaos-runner/pkg/utils/volumeUtils.go:80.2,80.36 1 0
github.com/litmuschaos/chaos-runner/pkg/utils/volumeUtils.go:86.2,87.19 2 0
github.com/litmuschaos/chaos-runner/pkg/utils/volumeUtils.go:77.28,79.3 1 0
github.com/litmuschaos/chaos-runner/pkg/utils/volumeUtils.go:80.36,85.3 4 0
github.com/litmuschaos/chaos-runner/pkg/utils/volumeUtils.go:91.108,93.23 2 0
github.com/litmuschaos/chaos-runner/pkg/utils/volumeUtils.go:96.2,96.31 1 0
github.com/litmuschaos/chaos-runner/pkg/utils/volumeUtils.go:101.2,102.19 2 0
github.com/litmuschaos/chaos-runner/pkg/utils/volumeUtils.go:93.23,95.3 1 0
github.com/litmuschaos/chaos-runner/pkg/utils/volumeUtils.go:96.31,100.3 2 0
github.com/litmuschaos/chaos-runner/pkg/utils/volumeUtils.go:106.99,108.20 2 0
github.com/litmuschaos/chaos-runner/pkg/utils/volumeUtils.go:111.2,111.28 1 0
github.com/litmuschaos/chaos-runner/pkg/utils/volumeUtils.go:116.2,117.19 2 0
github.com/litmuschaos/chaos-runner/pkg/utils/volumeUtils.go:108.20,110.3 1 0
github.com/litmuschaos/chaos-runner/pkg/utils/volumeUtils.go:111.28,115.3 2 0
github.com/litmuschaos/chaos-runner/pkg/utils/volumeUtils.go:121.117,123.28 2 0
github.com/litmuschaos/chaos-runner/pkg/utils/volumeUtils.go:127.2,127.36 1 0
github.com/litmuschaos/chaos-runner/pkg/utils/volumeUtils.go:140.2,141.19 2 0
github.com/litmuschaos/chaos-runner/pkg/utils/volumeUtils.go:123.28,125.3 1 0
github.com/litmuschaos/chaos-runner/pkg/utils/volumeUtils.go:127.36,129.19 2 0
github.com/litmuschaos/chaos-runner/pkg/utils/volumeUtils.go:132.3,138.63 2 0
github.com/litmuschaos/chaos-runner/pkg/utils/volumeUtils.go:129.19,131.4 1 0
github.com/litmuschaos/chaos-runner/pkg/utils/watchJob.go:20.93,21.24 1 7
github.com/litmuschaos/chaos-runner/pkg/utils/watchJob.go:26.2,26.11 1 3
github.com/litmuschaos/chaos-runner/pkg/utils/watchJob.go:21.24,22.39 1 4
github.com/litmuschaos/chaos-runner/pkg/utils/watchJob.go:22.39,24.4 1 4
github.com/litmuschaos/chaos-runner/pkg/utils/watchJob.go:30.102,35.32 2 19
github.com/litmuschaos/chaos-runner/pkg/utils/watchJob.go:44.2,44.20 1 18
github.com/litmuschaos/chaos-runner/pkg/utils/watchJob.go:35.32,37.18 2 199
github.com/litmuschaos/chaos-runner/pkg/utils/watchJob.go:40.4,40.14 1 18
github.com/litmuschaos/chaos-runner/pkg/utils/watchJob.go:37.18,39.5 1 181
github.com/litmuschaos/chaos-runner/pkg/utils/watchJob.go:41.18,43.3 1 1
github.com/litmuschaos/chaos-runner/pkg/utils/watchJob.go:48.114,51.16 2 7
github.com/litmuschaos/chaos-runner/pkg/utils/watchJob.go:54.2,55.27 2 7
github.com/litmuschaos/chaos-runner/pkg/utils/watchJob.go:58.2,59.132 2 4
github.com/litmuschaos/chaos-runner/pkg/utils/watchJob.go:62.2,62.12 1 4
github.com/litmuschaos/chaos-runner/pkg/utils/watchJob.go:51.16,53.3 1 0
github.com/litmuschaos/chaos-runner/pkg/utils/watchJob.go:55.27,57.3 1 3
github.com/litmuschaos/chaos-runner/pkg/utils/watchJob.go:59.132,61.3 1 0
github.com/litmuschaos/chaos-runner/pkg/utils/watchJob.go:66.74,68.22 2 2
github.com/litmuschaos/chaos-runner/pkg/utils/watchJob.go:72.2,72.19 1 2
github.com/litmuschaos/chaos-runner/pkg/utils/watchJob.go:68.22,70.3 1 0
github.com/litmuschaos/chaos-runner/pkg/utils/watchJob.go:76.133,80.16 3 2
github.com/litmuschaos/chaos-runner/pkg/utils/watchJob.go:83.2,83.23 1 2
github.com/litmuschaos/chaos-runner/pkg/utils/watchJob.go:80.16,82.3 1 0
github.com/litmuschaos/chaos-runner/pkg/utils/watchJob.go:88.116,91.16 2 2
github.com/litmuschaos/chaos-runner/pkg/utils/watchJob.go:95.2,97.16 3 2
github.com/litmuschaos/chaos-runner/pkg/utils/watchJob.go:100.2,101.84 2 2
github.com/litmuschaos/chaos-runner/pkg/utils/watchJob.go:105.2,105.12 1 1
github.com/litmuschaos/chaos-runner/pkg/utils/watchJob.go:91.16,93.3 1 0
github.com/litmuschaos/chaos-runner/pkg/utils/watchJob.go:97.16,99.3 1 0
github.com/litmuschaos/chaos-runner/pkg/utils/watchJob.go:101.84,103.3 1 1
github.com/litmuschaos/chaos-runner/pkg/utils/watchJob.go:109.156,112.16 2 3
github.com/litmuschaos/chaos-runner/pkg/utils/watchJob.go:116.2,116.41 1 3
github.com/litmuschaos/chaos-runner/pkg/utils/watchJob.go:131.2,131.45 1 3
github.com/litmuschaos/chaos-runner/pkg/utils/watchJob.go:112.16,114.3 1 0
github.com/litmuschaos/chaos-runner/pkg/utils/watchJob.go:117.36,122.27 3 1
github.com/litmuschaos/chaos-runner/pkg/utils/watchJob.go:125.3,125.66 1 1
github.com/litmuschaos/chaos-runner/pkg/utils/watchJob.go:126.40,127.117 1 2
github.com/litmuschaos/chaos-runner/pkg/utils/watchJob.go:128.10,129.123 1 0
github.com/litmuschaos/chaos-runner/pkg/utils/watchJob.go:122.27,124.4 1 0
github.com/litmuschaos/chaos-runner/pkg/utils/configMapUtils.go:11.109,12.73 1 2
github.com/litmuschaos/chaos-runner/pkg/utils/configMapUtils.go:16.2,16.37 1 2
github.com/litmuschaos/chaos-runner/pkg/utils/configMapUtils.go:22.2,22.12 1 1
github.com/litmuschaos/chaos-runner/pkg/utils/configMapUtils.go:12.73,14.3 1 0
github.com/litmuschaos/chaos-runner/pkg/utils/configMapUtils.go:16.37,18.64 2 2
github.com/litmuschaos/chaos-runner/pkg/utils/configMapUtils.go:18.64,20.4 1 1
github.com/litmuschaos/chaos-runner/pkg/utils/configMapUtils.go:26.114,29.2 2 5
github.com/litmuschaos/chaos-runner/pkg/utils/configMapUtils.go:32.107,35.16 2 4
github.com/litmuschaos/chaos-runner/pkg/utils/configMapUtils.go:38.2,39.16 2 3
github.com/litmuschaos/chaos-runner/pkg/utils/configMapUtils.go:43.2,45.12 2 3
github.com/litmuschaos/chaos-runner/pkg/utils/configMapUtils.go:35.16,37.3 1 1
github.com/litmuschaos/chaos-runner/pkg/utils/configMapUtils.go:39.16,41.3 1 0
github.com/litmuschaos/chaos-runner/pkg/utils/configMapUtils.go:49.83,51.42 1 5
github.com/litmuschaos/chaos-runner/pkg/utils/configMapUtils.go:61.2,61.12 1 2
github.com/litmuschaos/chaos-runner/pkg/utils/configMapUtils.go:51.42,52.40 1 5
github.com/litmuschaos/chaos-runner/pkg/utils/configMapUtils.go:55.3,56.17 2 3
github.com/litmuschaos/chaos-runner/pkg/utils/configMapUtils.go:59.3,59.60 1 2
github.com/litmuschaos/chaos-runner/pkg/utils/configMapUtils.go:52.40,54.4 1 2
github.com/litmuschaos/chaos-runner/pkg/utils/configMapUtils.go:56.17,58.4 1 1
github.com/litmuschaos/chaos-runner/pkg/utils/configMapUtils.go:64.121,66.16 2 6
github.com/litmuschaos/chaos-runner/pkg/utils/configMapUtils.go:69.2,70.34 2 4
github.com/litmuschaos/chaos-runner/pkg/utils/configMapUtils.go:66.16,68.3 1 2
github.com/litmuschaos/chaos-runner/pkg/utils/configMapUtils.go:73.146,76.16 2 3
github.com/litmuschaos/chaos-runner/pkg/utils/configMapUtils.go:79.2,80.33 2 3
github.com/litmuschaos/chaos-runner/pkg/utils/configMapUtils.go:86.2,86.95 1 0
github.com/litmuschaos/chaos-runner/pkg/utils/configMapUtils.go:76.16,78.3 1 0
github.com/litmuschaos/chaos-runner/pkg/utils/configMapUtils.go:80.33,81.49 1 3
github.com/litmuschaos/chaos-runner/pkg/utils/configMapUtils.go:81.49,84.4 2 3
github.com/litmuschaos/chaos-runner/pkg/utils/configMapUtils.go:90.159,92.34 1 5
github.com/litmuschaos/chaos-runner/pkg/utils/configMapUtils.go:106.2,106.46 1 5
github.com/litmuschaos/chaos-runner/pkg/utils/configMapUtils.go:92.34,94.39 2 4
github.com/litmuschaos/chaos-runner/pkg/utils/configMapUtils.go:102.3,102.12 1 4
github.com/litmuschaos/chaos-runner/pkg/utils/configMapUtils.go:94.39,95.64 1 1
github.com/litmuschaos/chaos-runner/pkg/utils/configMapUtils.go:95.64,97.75 2 1
github.com/litmuschaos/chaos-runner/pkg/utils/configMapUtils.go:97.75,99.6 1 0
github.com/litmuschaos/chaos-runner/pkg/utils/configMapUtils.go:102.12,104.4 1 3
github.com/litmuschaos/chaos-runner/pkg/utils/engineHelper.go:15.129,17.16 2 3
github.com/litmuschaos/chaos-runner/pkg/utils/engineHelper.go:21.2,30.12 2 2
github.com/litmuschaos/chaos-runner/pkg/utils/engineHelper.go:17.16,19.3 1 1
github.com/litmuschaos/chaos-runner/pkg/utils/engineHelper.go:34.120,36.28 2 3
github.com/litmuschaos/chaos-runner/pkg/utils/engineHelper.go:44.2,44.19 1 3
github.com/litmuschaos/chaos-runner/pkg/utils/engineHelper.go:36.28,37.44 1 2
github.com/litmuschaos/chaos-runner/pkg/utils/engineHelper.go:37.44,39.59 1 2
github.com/litmuschaos/chaos-runner/pkg/utils/engineHelper.go:39.59,41.5 1 2
github.com/litmuschaos/chaos-runner/pkg/utils/engineHelper.go:48.125,50.28 2 3
github.com/litmuschaos/chaos-runner/pkg/utils/engineHelper.go:55.2,55.19 1 3
github.com/litmuschaos/chaos-runner/pkg/utils/engineHelper.go:50.28,51.44 1 2
github.com/litmuschaos/chaos-runner/pkg/utils/engineHelper.go:51.44,53.4 1 2
github.com/litmuschaos/chaos-runner/pkg/utils/engineHelper.go:59.132,61.28 2 3
github.com/litmuschaos/chaos-runner/pkg/utils/engineHelper.go:66.2,66.19 1 3
github.com/litmuschaos/chaos-runner/pkg/utils/engineHelper.go:61.28,62.44 1 2
github.com/litmuschaos/chaos-runner/pkg/utils/engineHelper.go:62.44,64.4 1 2
github.com/litmuschaos/chaos-runner/pkg/utils/engineHelper.go:70.128,72.28 2 3
github.com/litmuschaos/chaos-runner/pkg/utils/engineHelper.go:79.2,79.19 1 3
github.com/litmuschaos/chaos-runner/pkg/utils/engineHelper.go:72.28,73.44 1 2
github.com/litmuschaos/chaos-runner/pkg/utils/engineHelper.go:73.44,74.71 1 2
github.com/litmuschaos/chaos-runner/pkg/utils/engineHelper.go:74.71,76.5 1 2
github.com/litmuschaos/chaos-runner/pkg/utils/engineHelper.go:83.127,85.28 2 3
github.com/litmuschaos/chaos-runner/pkg/utils/engineHelper.go:90.2,90.19 1 3
github.com/litmuschaos/chaos-runner/pkg/utils/engineHelper.go:85.28,86.44 1 2
github.com/litmuschaos/chaos-runner/pkg/utils/engineHelper.go:86.44,88.4 1 2
github.com/litmuschaos/chaos-runner/pkg/utils/engineHelper.go:94.141,97.2 2 2
github.com/litmuschaos/chaos-runner/pkg/utils/engineHelper.go:100.123,102.28 2 3
github.com/litmuschaos/chaos-runner/pkg/utils/engineHelper.go:107.2,107.19 1 3
github.com/litmuschaos/chaos-runner/pkg/utils/engineHelper.go:102.28,103.44 1 2
github.com/litmuschaos/chaos-runner/pkg/utils/engineHelper.go:103.44,105.4 1 2
github.com/litmuschaos/chaos-runner/pkg/utils/engineHelper.go:111.123,114.2 2 2
github.com/litmuschaos/chaos-runner/pkg/utils/engineHelper.go:117.113,120.16 2 0
github.com/litmuschaos/chaos-runner/pkg/utils/engineHelper.go:123.2,124.30 2 0
github.com/litmuschaos/chaos-runner/pkg/utils/engineHelper.go:155.2,160.12 2 0
github.com/litmuschaos/chaos-runner/pkg/utils/engineHelper.go:120.16,122.3 1 0
github.com/litmuschaos/chaos-runner/pkg/utils/engineHelper.go:124.30,125.34 1 0
github.com/litmuschaos/chaos-runner/pkg/utils/engineHelper.go:125.34,127.32 2 0
github.com/litmuschaos/chaos-runner/pkg/utils/engineHelper.go:136.4,137.119 2 0
github.com/litmuschaos/chaos-runner/pkg/utils/engineHelper.go:142.4,150.43 3 0
github.com/litmuschaos/chaos-runner/pkg/utils/engineHelper.go:127.32,131.34 2 0
github.com/litmuschaos/chaos-runner/pkg/utils/engineHelper.go:131.34,133.6 1 0
github.com/litmuschaos/chaos-runner/pkg/utils/engineHelper.go:137.119,140.5 2 0
github.com/litmuschaos/chaos-runner/pkg/utils/environment.go:14.71,27.2 12 0
github.com/litmuschaos/chaos-runner/pkg/utils/environment.go:30.76,32.16 2 0
github.com/litmuschaos/chaos-runner/pkg/utils/environment.go:35.2,36.12 2 0
github.com/litmuschaos/chaos-runner/pkg/utils/environment.go:32.16,34.3 1 0
github.com/litmuschaos/chaos-runner/pkg/utils/environment.go:40.100,58.77 3 0
github.com/litmuschaos/chaos-runner/pkg/utils/environment.go:63.2,63.94 1 0
github.com/litmuschaos/chaos-runner/pkg/utils/environment.go:66.2,66.12 1 0
github.com/litmuschaos/chaos-runner/pkg/utils/environment.go:58.77,60.3 1 0
github.com/litmuschaos/chaos-runner/pkg/utils/environment.go:63.94,65.3 1 0
github.com/litmuschaos/chaos-runner/pkg/utils/environment.go:70.83,72.17 1 0
github.com/litmuschaos/chaos-runner/pkg/utils/environment.go:75.2,79.19 2 0
github.com/litmuschaos/chaos-runner/pkg/utils/environment.go:72.17,74.3 1 0
github.com/litmuschaos/chaos-runner/pkg/utils/hostFileVolumeUtils.go:18.114,20.16 2 2
github.com/litmuschaos/chaos-runner/pkg/utils/hostFileVolumeUtils.go:24.2,24.42 1 2
github.com/litmuschaos/chaos-runner/pkg/utils/hostFileVolumeUtils.go:31.2,31.12 1 1
github.com/litmuschaos/chaos-runner/pkg/utils/hostFileVolumeUtils.go:20.16,22.3 1 0
github.com/litmuschaos/chaos-runner/pkg/utils/hostFileVolumeUtils.go:24.42,27.17 3 2
github.com/litmuschaos/chaos-runner/pkg/utils/hostFileVolumeUtils.go:27.17,29.4 1 1
github.com/litmuschaos/chaos-runner/pkg/utils/hostFileVolumeUtils.go:35.112,38.16 2 2
github.com/litmuschaos/chaos-runner/pkg/utils/hostFileVolumeUtils.go:41.2,43.12 2 2
github.com/litmuschaos/chaos-runner/pkg/utils/hostFileVolumeUtils.go:38.16,40.3 1 0
github.com/litmuschaos/chaos-runner/pkg/utils/hostFileVolumeUtils.go:47.70,49.47 1 2
github.com/litmuschaos/chaos-runner/pkg/utils/hostFileVolumeUtils.go:55.2,55.12 1 1
github.com/litmuschaos/chaos-runner/pkg/utils/hostFileVolumeUtils.go:49.47,50.60 1 2
github.com/litmuschaos/chaos-runner/pkg/utils/hostFileVolumeUtils.go:53.3,53.65 1 1
github.com/litmuschaos/chaos-runner/pkg/utils/hostFileVolumeUtils.go:50.60,52.4 1 1
github.com/litmuschaos/chaos-runner/pkg/utils/hostFileVolumeUtils.go:59.119,61.16 2 2
github.com/litmuschaos/chaos-runner/pkg/utils/hostFileVolumeUtils.go:64.2,66.32 2 2
github.com/litmuschaos/chaos-runner/pkg/utils/hostFileVolumeUtils.go:61.16,63.3 1 0
github.com/litmuschaos/chaos-runner/pkg/utils/builders.go:22.109,31.103 2 0
github.com/litmuschaos/chaos-runner/pkg/utils/builders.go:37.2,37.88 1 0
github.com/litmuschaos/chaos-runner/pkg/utils/builders.go:43.2,43.47 1 0
github.com/litmuschaos/chaos-runner/pkg/utils/builders.go:47.2,49.16 2 0
github.com/litmuschaos/chaos-runner/pkg/utils/builders.go:53.2,53.27 1 0
github.com/litmuschaos/chaos-runner/pkg/utils/builders.go:31.103,35.3 1 0
github.com/litmuschaos/chaos-runner/pkg/utils/builders.go:37.88,41.3 1 0
github.com/litmuschaos/chaos-runner/pkg/utils/builders.go:43.47,45.3 1 0
github.com/litmuschaos/chaos-runner/pkg/utils/builders.go:49.16,51.3 1 0
github.com/litmuschaos/chaos-runner/pkg/utils/builders.go:57.64,59.22 2 0
github.com/litmuschaos/chaos-runner/pkg/utils/builders.go:64.2,74.16 2 0
github.com/litmuschaos/chaos-runner/pkg/utils/builders.go:59.22,61.3 1 0
github.com/litmuschaos/chaos-runner/pkg/utils/builders.go:78.84,84.16 4 0
github.com/litmuschaos/chaos-runner/pkg/utils/builders.go:88.2,89.16 2 0
github.com/litmuschaos/chaos-runner/pkg/utils/builders.go:94.2,95.16 2 0
github.com/litmuschaos/chaos-runner/pkg/utils/builders.go:99.2,100.16 2 0
github.com/litmuschaos/chaos-runner/pkg/utils/builders.go:104.2,104.58 1 0
github.com/litmuschaos/chaos-runner/pkg/utils/builders.go:107.2,107.12 1 0
github.com/litmuschaos/chaos-runner/pkg/utils/builders.go:84.16,86.3 1 0
github.com/litmuschaos/chaos-runner/pkg/utils/builders.go:89.16,92.3 1 0
github.com/litmuschaos/chaos-runner/pkg/utils/builders.go:95.16,97.3 1 0
github.com/litmuschaos/chaos-runner/pkg/utils/builders.go:100.16,102.3 1 0
github.com/litmuschaos/chaos-runner/pkg/utils/builders.go:104.58,106.3 1 0
github.com/litmuschaos/chaos-runner/pkg/utils/builders.go:111.92,114.2 2 0
github.com/litmuschaos/chaos-runner/pkg/utils/builders.go:117.128,128.51 2 0
github.com/litmuschaos/chaos-runner/pkg/utils/builders.go:132.2,132.100 1 0
github.com/litmuschaos/chaos-runner/pkg/utils/builders.go:138.2,138.24 1 0
github.com/litmuschaos/chaos-runner/pkg/utils/builders.go:142.2,142.40 1 0
github.com/litmuschaos/chaos-runner/pkg/utils/builders.go:146.2,146.39 1 0
github.com/litmuschaos/chaos-runner/pkg/utils/builders.go:150.2,150.35 1 0
github.com/litmuschaos/chaos-runner/pkg/utils/builders.go:154.2,154.47 1 0
github.com/litmuschaos/chaos-runner/pkg/utils/builders.go:157.2,157.25 1 0
github.com/litmuschaos/chaos-runner/pkg/utils/builders.go:128.51,130.3 1 0
github.com/litmuschaos/chaos-runner/pkg/utils/builders.go:132.100,136.3 1 0
github.com/litmuschaos/chaos-runner/pkg/utils/builders.go:138.24,140.3 1 0
github.com/litmuschaos/chaos-runner/pkg/utils/builders.go:142.40,144.3 1 0
github.com/litmuschaos/chaos-runner/pkg/utils/builders.go:146.39,148.3 1 0
github.com/litmuschaos/chaos-runner/pkg/utils/builders.go:150.35,152.3 1 0
github.com/litmuschaos/chaos-runner/pkg/utils/builders.go:154.47,156.3 1 0
github.com/litmuschaos/chaos-runner/pkg/utils/builders.go:161.75,165.16 3 0
github.com/litmuschaos/chaos-runner/pkg/utils/builders.go:168.2,168.24 1 0
github.com/litmuschaos/chaos-runner/pkg/utils/builders.go:165.16,167.3 1 0
github.com/litmuschaos/chaos-runner/pkg/utils/builders.go:172.95,181.2 2 0
github.com/litmuschaos/chaos-runner/pkg/utils/expNotFoundPatch.go:8.123,12.81 3 1
github.com/litmuschaos/chaos-runner/pkg/utils/expNotFoundPatch.go:15.2,15.12 1 1
github.com/litmuschaos/chaos-runner/pkg/utils/expNotFoundPatch.go:12.81,14.3 1 0
github.com/litmuschaos/chaos-runner/pkg/utils/status.go:9.88,16.2 6 0
github.com/litmuschaos/chaos-runner/pkg/utils/status.go:19.107,26.2 6 2
github.com/litmuschaos/chaos-runner/pkg/utils/status.go:29.135,37.2 6 2
github.com/litmuschaos/chaos-runner/pkg/utils/status.go:40.89,47.2 6 1
github.com/litmuschaos/chaos-runner/pkg/utils/status.go:50.88,57.2 6 0
github.com/litmuschaos/chaos-runner/pkg/utils/types.go:112.71,114.16 2 0
github.com/litmuschaos/chaos-runner/pkg/utils/types.go:117.2,118.16 2 0
github.com/litmuschaos/chaos-runner/pkg/utils/types.go:121.2,122.16 2 0
github.com/litmuschaos/chaos-runner/pkg/utils/types.go:125.2,128.12 3 0
github.com/litmuschaos/chaos-runner/pkg/utils/types.go:114.16,116.3 1 0
github.com/litmuschaos/chaos-runner/pkg/utils/types.go:118.16,120.3 1 0
github.com/litmuschaos/chaos-runner/pkg/utils/types.go:122.16,124.3 1 0
github.com/litmuschaos/chaos-runner/pkg/utils/types.go:132.44,137.2 3 0
github.com/litmuschaos/chaos-runner/pkg/utils/event.go:14.109,42.2 3 10
github.com/litmuschaos/chaos-runner/pkg/utils/event.go:46.111,49.16 2 10
github.com/litmuschaos/chaos-runner/pkg/utils/event.go:64.2,64.12 1 9
github.com/litmuschaos/chaos-runner/pkg/utils/event.go:49.16,50.32 1 9
github.com/litmuschaos/chaos-runner/pkg/utils/event.go:50.32,51.79 1 9
github.com/litmuschaos/chaos-runner/pkg/utils/event.go:51.79,53.5 1 0
github.com/litmuschaos/chaos-runner/pkg/utils/event.go:54.9,56.4 1 0
github.com/litmuschaos/chaos-runner/pkg/utils/event.go:57.8,63.3 5 1
github.com/litmuschaos/chaos-runner/pkg/utils/event.go:68.119,73.70 5 2
github.com/litmuschaos/chaos-runner/pkg/utils/event.go:73.70,75.3 1 0
github.com/litmuschaos/chaos-runner/pkg/utils/event.go:80.112,85.70 5 2
github.com/litmuschaos/chaos-runner/pkg/utils/event.go:85.70,87.3 1 0
github.com/litmuschaos/chaos-runner/pkg/utils/event.go:91.106,96.70 5 2
github.com/litmuschaos/chaos-runner/pkg/utils/event.go:96.70,98.3 1 0
github.com/litmuschaos/chaos-runner/pkg/utils/event.go:102.132,105.34 3 2
github.com/litmuschaos/chaos-runner/pkg/utils/event.go:108.2,110.70 3 2
github.com/litmuschaos/chaos-runner/pkg/utils/event.go:105.34,107.3 1 2
github.com/litmuschaos/chaos-runner/pkg/utils/event.go:110.70,112.3 1 0
github.com/litmuschaos/chaos-runner/pkg/utils/event.go:116.81,120.2 3 8
github.com/litmuschaos/chaos-runner/pkg/utils/experimentHelper.go:11.80,13.43 2 2
github.com/litmuschaos/chaos-runner/pkg/utils/experimentHelper.go:16.2,16.30 1 2
github.com/litmuschaos/chaos-runner/pkg/utils/experimentHelper.go:13.43,15.3 1 2
github.com/litmuschaos/chaos-runner/pkg/utils/experimentHelper.go:20.83,32.2 8 3
github.com/litmuschaos/chaos-runner/pkg/utils/experimentHelper.go:35.97,37.16 2 2
github.com/litmuschaos/chaos-runner/pkg/utils/experimentHelper.go:41.2,42.30 2 2
github.com/litmuschaos/chaos-runner/pkg/utils/experimentHelper.go:46.2,46.12 1 2
github.com/litmuschaos/chaos-runner/pkg/utils/experimentHelper.go:37.16,39.3 1 0
github.com/litmuschaos/chaos-runner/pkg/utils/experimentHelper.go:42.30,44.3 1 2
github.com/litmuschaos/chaos-runner/pkg/utils/experimentHelper.go:50.121,52.104 1 2
github.com/litmuschaos/chaos-runner/pkg/utils/experimentHelper.go:55.2,55.101 1 2
github.com/litmuschaos/chaos-runner/pkg/utils/experimentHelper.go:58.2,58.12 1 1
github.com/litmuschaos/chaos-runner/pkg/utils/experimentHelper.go:52.104,54.3 1 0
github.com/litmuschaos/chaos-runner/pkg/utils/experimentHelper.go:55.101,57.3 1 1
github.com/litmuschaos/chaos-runner/pkg/utils/experimentHelper.go:62.124,65.16 2 2
github.com/litmuschaos/chaos-runner/pkg/utils/experimentHelper.go:72.2,72.12 1 1
github.com/litmuschaos/chaos-runner/pkg/utils/experimentHelper.go:65.16,66.90 1 1
github.com/litmuschaos/chaos-runner/pkg/utils/experimentHelper.go:69.3,69.139 1 1
github.com/litmuschaos/chaos-runner/pkg/utils/experimentHelper.go:66.90,68.4 1 0
github.com/litmuschaos/chaos-runner/pkg/utils/experimentHelper.go:76.132,79.16 2 4
github.com/litmuschaos/chaos-runner/pkg/utils/experimentHelper.go:84.2,92.12 2 4
github.com/litmuschaos/chaos-runner/pkg/utils/experimentHelper.go:79.16,81.3 1 0
github.com/litmuschaos/chaos-runner/pkg/utils/experimentHelper.go:96.143,100.2 3 5
github.com/litmuschaos/chaos-runner/pkg/utils/experimentHelper.go:103.119,106.2 2 5
github.com/litmuschaos/chaos-runner/pkg/utils/experimentHelper.go:109.129,110.58 1 5
github.com/litmuschaos/chaos-runner/pkg/utils/experimentHelper.go:115.2,115.19 1 5
github.com/litmuschaos/chaos-runner/pkg/utils/experimentHelper.go:110.58,112.3 1 0
github.com/litmuschaos/chaos-runner/pkg/utils/experimentHelper.go:112.8,114.3 1 5
github.com/litmuschaos/chaos-runner/pkg/utils/experimentHelper.go:119.118,122.2 2 5
github.com/litmuschaos/chaos-runner/pkg/utils/experimentHelper.go:125.121,128.2 2 5
github.com/litmuschaos/chaos-runner/pkg/utils/experimentHelper.go:131.129,134.2 2 5
github.com/litmuschaos/chaos-runner/pkg/utils/experimentHelper.go:137.121,140.2 2 5
github.com/litmuschaos/chaos-runner/pkg/utils/initialPatchEngine.go:13.116,17.16 2 0
github.com/litmuschaos/chaos-runner/pkg/utils/initialPatchEngine.go:22.2,22.35 1 0
github.com/litmuschaos/chaos-runner/pkg/utils/initialPatchEngine.go:27.2,28.22 2 0
github.com/litmuschaos/chaos-runner/pkg/utils/initialPatchEngine.go:31.2,31.12 1 0
github.com/litmuschaos/chaos-runner/pkg/utils/initialPatchEngine.go:17.16,19.3 1 0
github.com/litmuschaos/chaos-runner/pkg/utils/initialPatchEngine.go:22.35,26.3 3 0
github.com/litmuschaos/chaos-runner/pkg/utils/initialPatchEngine.go:28.22,30.3 1 0
github.com/litmuschaos/chaos-runner/pkg/utils/initialPatchEngine.go:35.116,38.81 3 0
github.com/litmuschaos/chaos-runner/pkg/utils/initialPatchEngine.go:38.81,40.3 1 0
github.com/litmuschaos/chaos-runner/pkg/utils/secretsUtils.go:12.106,14.16 2 2
github.com/litmuschaos/chaos-runner/pkg/utils/secretsUtils.go:18.2,18.34 1 2
github.com/litmuschaos/chaos-runner/pkg/utils/secretsUtils.go:24.2,24.12 1 1
github.com/litmuschaos/chaos-runner/pkg/utils/secretsUtils.go:14.16,16.3 1 0
github.com/litmuschaos/chaos-runner/pkg/utils/secretsUtils.go:18.34,20.60 2 2
github.com/litmuschaos/chaos-runner/pkg/utils/secretsUtils.go:20.60,22.4 1 1
github.com/litmuschaos/chaos-runner/pkg/utils/secretsUtils.go:28.108,31.2 2 3
github.com/litmuschaos/chaos-runner/pkg/utils/secretsUtils.go:34.104,36.16 2 4
github.com/litmuschaos/chaos-runner/pkg/utils/secretsUtils.go:39.2,40.16 2 3
github.com/litmuschaos/chaos-runner/pkg/utils/secretsUtils.go:44.2,46.12 2 3
github.com/litmuschaos/chaos-runner/pkg/utils/secretsUtils.go:36.16,38.3 1 1
github.com/litmuschaos/chaos-runner/pkg/utils/secretsUtils.go:40.16,42.3 1 0
github.com/litmuschaos/chaos-runner/pkg/utils/secretsUtils.go:50.80,51.39 1 5
github.com/litmuschaos/chaos-runner/pkg/utils/secretsUtils.go:61.2,61.12 1 2
github.com/litmuschaos/chaos-runner/pkg/utils/secretsUtils.go:51.39,52.40 1 5
github.com/litmuschaos/chaos-runner/pkg/utils/secretsUtils.go:55.3,56.17 2 3
github.com/litmuschaos/chaos-runner/pkg/utils/secretsUtils.go:59.3,59.57 1 2
github.com/litmuschaos/chaos-runner/pkg/utils/secretsUtils.go:52.40,54.4 1 2
github.com/litmuschaos/chaos-runner/pkg/utils/secretsUtils.go:56.17,58.4 1 1
github.com/litmuschaos/chaos-runner/pkg/utils/secretsUtils.go:64.115,66.16 2 6
github.com/litmuschaos/chaos-runner/pkg/utils/secretsUtils.go:69.2,71.31 2 5
github.com/litmuschaos/chaos-runner/pkg/utils/secretsUtils.go:66.16,68.3 1 1
github.com/litmuschaos/chaos-runner/pkg/utils/secretsUtils.go:74.140,76.16 2 3
github.com/litmuschaos/chaos-runner/pkg/utils/secretsUtils.go:79.2,80.33 2 3
github.com/litmuschaos/chaos-runner/pkg/utils/secretsUtils.go:86.2,86.95 1 0
github.com/litmuschaos/chaos-runner/pkg/utils/secretsUtils.go:76.16,78.3 1 0
github.com/litmuschaos/chaos-runner/pkg/utils/secretsUtils.go:80.33,81.49 1 3
github.com/litmuschaos/chaos-runner/pkg/utils/secretsUtils.go:81.49,84.4 2 3
github.com/litmuschaos/chaos-runner/pkg/utils/secretsUtils.go:90.144,91.31 1 5
github.com/litmuschaos/chaos-runner/pkg/utils/secretsUtils.go:105.2,105.40 1 5
github.com/litmuschaos/chaos-runner/pkg/utils/secretsUtils.go:91.31,93.36 2 4
github.com/litmuschaos/chaos-runner/pkg/utils/secretsUtils.go:101.3,101.12 1 4
github.com/litmuschaos/chaos-runner/pkg/utils/secretsUtils.go:93.36,94.58 1 1
github.com/litmuschaos/chaos-runner/pkg/utils/secretsUtils.go:94.58,96.69 2 1
github.com/litmuschaos/chaos-runner/pkg/utils/secretsUtils.go:96.69,98.6 1 0
github.com/litmuschaos/chaos-runner/pkg/utils/secretsUtils.go:101.12,103.4 1 3
github.com/litmuschaos/chaos-runner/pkg/utils/watchChaosContainer.go:13.90,21.32 4 12
github.com/litmuschaos/chaos-runner/pkg/utils/watchChaosContainer.go:32.2,32.16 1 12
github.com/litmuschaos/chaos-runner/pkg/utils/watchChaosContainer.go:38.2,39.22 2 8
github.com/litmuschaos/chaos-runner/pkg/utils/watchChaosContainer.go:21.32,23.50 2 16
github.com/litmuschaos/chaos-runner/pkg/utils/watchChaosContainer.go:30.4,30.14 1 8
github.com/litmuschaos/chaos-runner/pkg/utils/watchChaosContainer.go:23.50,25.5 1 6
github.com/litmuschaos/chaos-runner/pkg/utils/watchChaosContainer.go:25.10,25.42 1 10
github.com/litmuschaos/chaos-runner/pkg/utils/watchChaosContainer.go:25.42,29.5 1 2
github.com/litmuschaos/chaos-runner/pkg/utils/watchChaosContainer.go:32.16,34.3 1 4
github.com/litmuschaos/chaos-runner/pkg/utils/watchChaosContainer.go:43.102,48.16 3 5
github.com/litmuschaos/chaos-runner/pkg/utils/watchChaosContainer.go:51.2,51.86 1 3
github.com/litmuschaos/chaos-runner/pkg/utils/watchChaosContainer.go:87.2,87.25 1 3
github.com/litmuschaos/chaos-runner/pkg/utils/watchChaosContainer.go:48.16,50.3 1 2
github.com/litmuschaos/chaos-runner/pkg/utils/watchChaosContainer.go:51.86,52.58 1 1
github.com/litmuschaos/chaos-runner/pkg/utils/watchChaosContainer.go:52.58,57.88 1 1
github.com/litmuschaos/chaos-runner/pkg/utils/watchChaosContainer.go:57.88,58.57 1 1
github.com/litmuschaos/chaos-runner/pkg/utils/watchChaosContainer.go:58.57,61.6 1 1
github.com/litmuschaos/chaos-runner/pkg/utils/watchChaosContainer.go:65.8,65.50 1 2
github.com/litmuschaos/chaos-runner/pkg/utils/watchChaosContainer.go:65.50,70.33 2 0
github.com/litmuschaos/chaos-runner/pkg/utils/watchChaosContainer.go:80.3,80.17 1 0
github.com/litmuschaos/chaos-runner/pkg/utils/watchChaosContainer.go:70.33,72.19 2 0
github.com/litmuschaos/chaos-runner/pkg/utils/watchChaosContainer.go:75.5,75.46 1 0
github.com/litmuschaos/chaos-runner/pkg/utils/watchChaosContainer.go:78.5,78.15 1 0
github.com/litmuschaos/chaos-runner/pkg/utils/watchChaosContainer.go:72.19,74.6 1 0
github.com/litmuschaos/chaos-runner/pkg/utils/watchChaosContainer.go:75.46,77.6 1 0
github.com/litmuschaos/chaos-runner/pkg/utils/watchChaosContainer.go:80.17,82.4 1 0
github.com/litmuschaos/chaos-runner/pkg/utils/watchChaosContainer.go:83.8,83.49 1 2
github.com/litmuschaos/chaos-runner/pkg/utils/watchChaosContainer.go:83.49,85.3 1 0
github.com/litmuschaos/chaos-runner/pkg/utils/watchChaosContainer.go:91.126,97.24 3 2
github.com/litmuschaos/chaos-runner/pkg/utils/watchChaosContainer.go:115.2,115.12 1 1
github.com/litmuschaos/chaos-runner/pkg/utils/watchChaosContainer.go:97.24,99.17 2 2
github.com/litmuschaos/chaos-runner/pkg/utils/watchChaosContainer.go:103.3,105.17 3 2
github.com/litmuschaos/chaos-runner/pkg/utils/watchChaosContainer.go:109.3,110.82 2 2
github.com/litmuschaos/chaos-runner/pkg/utils/watchChaosContainer.go:113.3,113.30 1 1
github.com/litmuschaos/chaos-runner/pkg/utils/watchChaosContainer.go:99.17,101.4 1 0
github.com/litmuschaos/chaos-runner/pkg/utils/watchChaosContainer.go:105.17,107.4 1 0
github.com/litmuschaos/chaos-runner/pkg/utils/watchChaosContainer.go:110.82,112.4 1 1
